<?xml version="1.0" encoding="UTF-8"?>
<!-- Generated by org.testng.reporters.JUnitReportReporter -->
<testsuite hostname="Naman" failures="0" tests="2" name="com.tests.ErrorValidationsTest" time="11.795" errors="0" timestamp="2024-06-21T19:59:08 IST" skipped="0">
  <testcase classname="com.tests.ErrorValidationsTest" name="LoginErrorValidation" time="5.425"/>
  <testcase classname="com.tests.ErrorValidationsTest" name="ProductErrorValidation" time="6.370"/>
</testsuite> <!-- com.tests.ErrorValidationsTest -->
