<?xml version="1.0" encoding="UTF-8"?>
<!-- Generated by org.testng.reporters.JUnitReportReporter -->
<testsuite hostname="Naman" failures="0" tests="2" name="com.tests.SubmitOrderTest" time="15.586" errors="0" timestamp="2024-06-21T20:02:11 IST" skipped="0">
  <testcase classname="com.tests.SubmitOrderTest" name="submitOrder" time="7.418"/>
  <testcase classname="com.tests.SubmitOrderTest" name="submitOrder" time="8.168"/>
</testsuite> <!-- com.tests.SubmitOrderTest -->
