<?xml version="1.0" encoding="UTF-8"?>
<!-- Generated by org.testng.reporters.JUnitReportReporter -->
<testsuite hostname="Naman" failures="0" tests="1" name="com.tests.ErrorValidationsTest" time="7.317" errors="0" timestamp="2024-06-21T19:48:06 IST" skipped="0">
  <testcase classname="com.tests.ErrorValidationsTest" name="LoginErrorValidation" time="7.317"/>
</testsuite> <!-- com.tests.ErrorValidationsTest -->
