<?xml version="1.0" encoding="UTF-8"?>
<!-- Generated by org.testng.reporters.JUnitReportReporter -->
<testsuite hostname="Naman" failures="0" tests="3" name="com.tests.SubmitOrderTest" time="27.112" errors="0" timestamp="2024-06-19T19:46:59 IST" skipped="0">
  <testcase classname="com.tests.SubmitOrderTest" name="submitOrder" time="9.786"/>
  <testcase classname="com.tests.SubmitOrderTest" name="submitOrder" time="9.103"/>
  <testcase classname="com.tests.SubmitOrderTest" name="OrderHistoryTest" time="8.223"/>
</testsuite> <!-- com.tests.SubmitOrderTest -->
