<?xml version="1.0" encoding="UTF-8"?>
<!-- Generated by org.testng.reporters.JUnitReportReporter -->
<testsuite hostname="Naman" failures="0" tests="2" name="com.tests.ErrorValidationsTest" time="15.409" errors="0" timestamp="2024-06-19T19:46:59 IST" skipped="0">
  <testcase classname="com.tests.ErrorValidationsTest" name="ProductErrorValidation" time="8.649"/>
  <testcase classname="com.tests.ErrorValidationsTest" name="LoginErrorValidation" time="6.760"/>
</testsuite> <!-- com.tests.ErrorValidationsTest -->
